0 verbose cli E:\nvm4w\nodejs\node.exe E:\nvm4w\nodejs\node_modules\npm\bin\npm-cli.js
1 info using npm@11.8.0
2 info using node@v23.6.1
3 silly config load:file:E:\UtilityPrograms\nvm\v23.6.1\node_modules\npm\npmrc
4 silly config load:file:H:\WebHatchery\game_apps\chyrralon\frontend\.npmrc
5 silly config load:file:C:\Users\Kalai\.npmrc
6 silly config load:file:E:\nvm4w\nodejs\etc\npmrc
7 verbose title npm install
8 verbose argv "install" "--no-audit" "--no-fund"
9 verbose logfile logs-max:10 dir:H:\WebHatchery\game_apps\chyrralon\frontend\.npm-cache\_logs\2026-02-12T09_26_07_787Z-
10 verbose logfile H:\WebHatchery\game_apps\chyrralon\frontend\.npm-cache\_logs\2026-02-12T09_26_07_787Z-debug-0.log
11 silly logfile done cleaning log files
12 silly packumentCache heap:4345298944 maxSize:1086324736 maxEntrySize:543162368
13 silly idealTree buildDeps
14 silly fetch manifest @testing-library/user-event@^14.6.1
15 silly packumentCache full:https://registry.npmjs.org/@testing-library%2fuser-event cache-miss
16 http fetch GET https://registry.npmjs.org/npm attempt 1 failed with EACCES
17 http fetch GET https://registry.npmjs.org/@testing-library%2fuser-event attempt 1 failed with EACCES
18 http fetch GET https://registry.npmjs.org/npm attempt 2 failed with EACCES
19 http fetch GET https://registry.npmjs.org/@testing-library%2fuser-event attempt 2 failed with EACCES
20 http fetch GET https://registry.npmjs.org/npm attempt 3 failed with EACCES
21 http fetch GET https://registry.npmjs.org/@testing-library%2fuser-event attempt 3 failed with EACCES
22 silly fetch manifest @vitejs/plugin-react@^4.4.1
23 silly packumentCache full:https://registry.npmjs.org/@vitejs%2fplugin-react cache-miss
24 http fetch GET https://registry.npmjs.org/@vitejs%2fplugin-react attempt 1 failed with EACCES
25 http fetch GET https://registry.npmjs.org/@vitejs%2fplugin-react attempt 2 failed with EACCES
26 http fetch GET https://registry.npmjs.org/@vitejs%2fplugin-react attempt 3 failed with EACCES
27 silly fetch manifest @vitest/coverage-v8@^3.2.4
28 silly packumentCache full:https://registry.npmjs.org/@vitest%2fcoverage-v8 cache-miss
29 http fetch GET https://registry.npmjs.org/@vitest%2fcoverage-v8 attempt 1 failed with EACCES
30 http fetch GET https://registry.npmjs.org/@vitest%2fcoverage-v8 attempt 2 failed with EACCES
31 http fetch GET https://registry.npmjs.org/@vitest%2fcoverage-v8 attempt 3 failed with EACCES
32 silly fetch manifest eslint@^9.25.0
33 silly packumentCache full:https://registry.npmjs.org/eslint cache-miss
34 http fetch GET https://registry.npmjs.org/eslint attempt 1 failed with EACCES
35 http fetch GET https://registry.npmjs.org/eslint attempt 2 failed with EACCES
36 http fetch GET https://registry.npmjs.org/eslint attempt 3 failed with EACCES
37 silly fetch manifest vite@^6.3.5
38 silly packumentCache full:https://registry.npmjs.org/vite cache-miss
39 http fetch GET https://registry.npmjs.org/vite attempt 1 failed with EACCES
40 http fetch GET https://registry.npmjs.org/vite attempt 2 failed with EACCES
41 http fetch GET https://registry.npmjs.org/vite attempt 3 failed with EACCES
42 silly placeDep ROOT @testing-library/user-event@ REPLACE for: frontend@0.1.0 want: ^14.6.1
43 silly placeDep ROOT @vitejs/plugin-react@ OK for: frontend@0.1.0 want: ^4.4.1
44 silly placeDep ROOT @vitest/coverage-v8@ OK for: frontend@0.1.0 want: ^3.2.4
45 silly placeDep ROOT eslint@ OK for: frontend@0.1.0 want: ^9.25.0
46 silly placeDep ROOT vite@ OK for: frontend@0.1.0 want: ^6.3.5
47 verbose type system
48 verbose stack FetchError: request to https://registry.npmjs.org/@testing-library%2fuser-event failed, reason: 
48 verbose stack     at ClientRequest.<anonymous> (E:\UtilityPrograms\nvm\v23.6.1\node_modules\npm\node_modules\minipass-fetch\lib\index.js:130:14)
48 verbose stack     at ClientRequest.emit (node:events:507:28)
48 verbose stack     at emitErrorEvent (node:_http_client:104:11)
48 verbose stack     at _destroy (node:_http_client:898:9)
48 verbose stack     at onSocketNT (node:_http_client:918:5)
48 verbose stack     at process.processTicksAndRejections (node:internal/process/task_queues:91:21)
49 error code EACCES
50 error errno EACCES
51 error FetchError: request to https://registry.npmjs.org/@testing-library%2fuser-event failed, reason: 
51 error     at ClientRequest.<anonymous> (E:\UtilityPrograms\nvm\v23.6.1\node_modules\npm\node_modules\minipass-fetch\lib\index.js:130:14)
51 error     at ClientRequest.emit (node:events:507:28)
51 error     at emitErrorEvent (node:_http_client:104:11)
51 error     at _destroy (node:_http_client:898:9)
51 error     at onSocketNT (node:_http_client:918:5)
51 error     at process.processTicksAndRejections (node:internal/process/task_queues:91:21) {
51 error   code: 'EACCES',
51 error   errno: 'EACCES',
51 error   type: 'system',
51 error   requiredBy: '.'
51 error }
52 error
52 error The operation was rejected by your operating system.
52 error It's possible that the file was already in use (by a text editor or antivirus),
52 error or that you lack permissions to access it.
52 error
52 error If you believe this might be a permissions issue, please double-check the
52 error permissions of the file and its containing directories, or try running
52 error the command again as root/Administrator.
53 silly unfinished npm timer reify 1770888368129
54 silly unfinished npm timer reify:loadTrees 1770888368130
55 verbose cwd H:\WebHatchery\game_apps\chyrralon\frontend
56 verbose os Windows_NT 10.0.26220
57 verbose node v23.6.1
58 verbose npm  v11.8.0
59 verbose exit 1
60 verbose code 1
61 error A complete log of this run can be found in: H:\WebHatchery\game_apps\chyrralon\frontend\.npm-cache\_logs\2026-02-12T09_26_07_787Z-debug-0.log
